# JRE version: OpenJDK Runtime Environment Temurin-17.0.12+7 (17.0.12+7) (build 17.0.12+7)
# Java VM: OpenJDK 64-Bit Server VM Temurin-17.0.12+7 (17.0.12+7, mixed mode, emulated-client, tiered, compressed oops, compressed class ptrs, g1 gc, windows-amd64)
GC Precious Log:
 CPUs: 4 total, 4 available
 Memory: 3819M
 Large Page Support: Disabled
 NUMA Support: Disabled
 Compressed Oops: Enabled (32-bit)
 Heap Region Size: 1M
 Heap Min Capacity: 8M
 Heap Initial Capacity: 60M
 Heap Max Capacity: 1G
 Pre-touch: Disabled
 Parallel Workers: 4
 Concurrent Workers: 1
 Concurrent Refinement Workers: 4
 Periodic GC: Disabled
Heap:
 garbage-first heap   total 83968K, used 26058K [0x00000000c0000000, 0x0000000100000000)
  region size 1024K, 1 young (1024K), 0 survivors (0K)
 Metaspace       used 43191K, committed 43840K, reserved 1114112K
  class space    used 5533K, committed 5824K, reserved 1048576K
GC Heap History (20 events):
Event: 3011.603 GC heap after
{Heap after GC invocations=244 (full 214):
 garbage-first heap   total 83968K, used 26046K [0x00000000c0000000, 0x0000000100000000)
  region size 1024K, 0 young (0K), 0 survivors (0K)
 Metaspace       used 43181K, committed 43840K, reserved 1114112K
  class space    used 5531K, committed 5824K, reserved 1048576K
}
Event: 3021.953 GC heap before
{Heap before GC invocations=244 (full 214):
 garbage-first heap   total 83968K, used 26046K [0x00000000c0000000, 0x0000000100000000)
  region size 1024K, 1 young (1024K), 0 survivors (0K)
 Metaspace       used 43181K, committed 43840K, reserved 1114112K
  class space    used 5531K, committed 5824K, reserved 1048576K
}
Event: 3022.747 GC heap after
{Heap after GC invocations=245 (full 215):
 garbage-first heap   total 83968K, used 26046K [0x00000000c0000000, 0x0000000100000000)
  region size 1024K, 0 young (0K), 0 survivors (0K)
 Metaspace       used 43181K, committed 43840K, reserved 1114112K
  class space    used 5531K, committed 5824K, reserved 1048576K
}
Event: 3033.069 GC heap before
{Heap before GC invocations=245 (full 215):
 garbage-first heap   total 83968K, used 26046K [0x00000000c0000000, 0x0000000100000000)
  region size 1024K, 1 young (1024K), 0 survivors (0K)
 Metaspace       used 43181K, committed 43840K, reserved 1114112K
  class space    used 5531K, committed 5824K, reserved 1048576K
}
Event: 3033.154 GC heap after
{Heap after GC invocations=246 (full 216):
 garbage-first heap   total 83968K, used 26046K [0x00000000c0000000, 0x0000000100000000)
  region size 1024K, 0 young (0K), 0 survivors (0K)
 Metaspace       used 43181K, committed 43840K, reserved 1114112K
  class space    used 5531K, committed 5824K, reserved 1048576K
}
Event: 3043.424 GC heap before
{Heap before GC invocations=246 (full 216):
 garbage-first heap   total 83968K, used 26046K [0x00000000c0000000, 0x0000000100000000)
  region size 1024K, 1 young (1024K), 0 survivors (0K)
 Metaspace       used 43181K, committed 43840K, reserved 1114112K
  class space    used 5531K, committed 5824K, reserved 1048576K
}
Event: 3043.510 GC heap after
{Heap after GC invocations=247 (full 217):
 garbage-first heap   total 83968K, used 26046K [0x00000000c0000000, 0x0000000100000000)
  region size 1024K, 0 young (0K), 0 survivors (0K)
 Metaspace       used 43181K, committed 43840K, reserved 1114112K
  class space    used 5531K, committed 5824K, reserved 1048576K
}
Event: 3054.817 GC heap before
{Heap before GC invocations=247 (full 217):
 garbage-first heap   total 83968K, used 26046K [0x00000000c0000000, 0x0000000100000000)
  region size 1024K, 1 young (1024K), 0 survivors (0K)
 Metaspace       used 43184K, committed 43840K, reserved 1114112K
  class space    used 5532K, committed 5824K, reserved 1048576K
}
Event: 3055.323 GC heap after
{Heap after GC invocations=248 (full 218):
 garbage-first heap   total 83968K, used 26069K [0x00000000c0000000, 0x0000000100000000)
  region size 1024K, 0 young (0K), 0 survivors (0K)
 Metaspace       used 43184K, committed 43840K, reserved 1114112K
  class space    used 5532K, committed 5824K, reserved 1048576K
}
Event: 3065.758 GC heap before
{Heap before GC invocations=248 (full 218):
 garbage-first heap   total 83968K, used 26069K [0x00000000c0000000, 0x0000000100000000)
  region size 1024K, 1 young (1024K), 0 survivors (0K)
 Metaspace       used 43191K, committed 43840K, reserved 1114112K
  class space    used 5533K, committed 5824K, reserved 1048576K
}
Event: 3065.798 GC heap after
{Heap after GC invocations=249 (full 219):
 garbage-first heap   total 83968K, used 26075K [0x00000000c0000000, 0x0000000100000000)
  region size 1024K, 0 young (0K), 0 survivors (0K)
 Metaspace       used 43191K, committed 43840K, reserved 1114112K
  class space    used 5533K, committed 5824K, reserved 1048576K
}
Event: 3076.062 GC heap before
{Heap before GC invocations=249 (full 219):
 garbage-first heap   total 83968K, used 26075K [0x00000000c0000000, 0x0000000100000000)
  region size 1024K, 1 young (1024K), 0 survivors (0K)
 Metaspace       used 43191K, committed 43840K, reserved 1114112K
  class space    used 5533K, committed 5824K, reserved 1048576K
}
Event: 3076.218 GC heap after
{Heap after GC invocations=250 (full 220):
 garbage-first heap   total 83968K, used 26058K [0x00000000c0000000, 0x0000000100000000)
  region size 1024K, 0 young (0K), 0 survivors (0K)
 Metaspace       used 43191K, committed 43840K, reserved 1114112K
  class space    used 5533K, committed 5824K, reserved 1048576K
}
Event: 3086.673 GC heap before
{Heap before GC invocations=250 (full 220):
 garbage-first heap   total 83968K, used 26058K [0x00000000c0000000, 0x0000000100000000)
  region size 1024K, 1 young (1024K), 0 survivors (0K)
 Metaspace       used 43191K, committed 43840K, reserved 1114112K
  class space    used 5533K, committed 5824K, reserved 1048576K
}
Event: 3087.149 GC heap after
{Heap after GC invocations=251 (full 221):
 garbage-first heap   total 83968K, used 26058K [0x00000000c0000000, 0x0000000100000000)
  region size 1024K, 0 young (0K), 0 survivors (0K)
 Metaspace       used 43191K, committed 43840K, reserved 1114112K
  class space    used 5533K, committed 5824K, reserved 1048576K
}
Event: 3097.394 GC heap before
{Heap before GC invocations=251 (full 221):
 garbage-first heap   total 83968K, used 26058K [0x00000000c0000000, 0x0000000100000000)
  region size 1024K, 1 young (1024K), 0 survivors (0K)
 Metaspace       used 43191K, committed 43840K, reserved 1114112K
  class space    used 5533K, committed 5824K, reserved 1048576K
}
Event: 3097.440 GC heap after
{Heap after GC invocations=252 (full 222):
 garbage-first heap   total 83968K, used 26058K [0x00000000c0000000, 0x0000000100000000)
  region size 1024K, 0 young (0K), 0 survivors (0K)
 Metaspace       used 43191K, committed 43840K, reserved 1114112K
  class space    used 5533K, committed 5824K, reserved 1048576K
}
Event: 3107.695 GC heap before
{Heap before GC invocations=252 (full 222):
 garbage-first heap   total 83968K, used 26058K [0x00000000c0000000, 0x0000000100000000)
  region size 1024K, 1 young (1024K), 0 survivors (0K)
 Metaspace       used 43191K, committed 43840K, reserved 1114112K
  class space    used 5533K, committed 5824K, reserved 1048576K
}
Event: 3107.815 GC heap after
{Heap after GC invocations=253 (full 223):
 garbage-first heap   total 83968K, used 26058K [0x00000000c0000000, 0x0000000100000000)
  region size 1024K, 0 young (0K), 0 survivors (0K)
 Metaspace       used 43191K, committed 43840K, reserved 1114112K
  class space    used 5533K, committed 5824K, reserved 1048576K
}
Event: 3118.884 GC heap before
{Heap before GC invocations=253 (full 223):
 garbage-first heap   total 83968K, used 26058K [0x00000000c0000000, 0x0000000100000000)
  region size 1024K, 1 young (1024K), 0 survivors (0K)
 Metaspace       used 43191K, committed 43840K, reserved 1114112K
  class space    used 5533K, committed 5824K, reserved 1048576K
}

