# JRE version: OpenJDK Runtime Environment Temurin-17.0.12+7 (17.0.12+7) (build 17.0.12+7)
# Java VM: OpenJDK 64-Bit Server VM Temurin-17.0.12+7 (17.0.12+7, mixed mode, emulated-client, tiered, compressed oops, compressed class ptrs, g1 gc, windows-amd64)
GC Precious Log:
 CPUs: 4 total, 4 available
 Memory: 3819M
 Large Page Support: Disabled
 NUMA Support: Disabled
 Compressed Oops: Enabled (32-bit)
 Heap Region Size: 1M
 Heap Min Capacity: 8M
 Heap Initial Capacity: 60M
 Heap Max Capacity: 1G
 Pre-touch: Disabled
 Parallel Workers: 4
 Concurrent Workers: 1
 Concurrent Refinement Workers: 4
 Periodic GC: Disabled
Heap:
 garbage-first heap   total 61440K, used 25431K [0x00000000c0000000, 0x0000000100000000)
  region size 1024K, 1 young (1024K), 0 survivors (0K)
 Metaspace       used 41179K, committed 41728K, reserved 1114112K
  class space    used 5270K, committed 5504K, reserved 1048576K
GC Heap History (20 events):
Event: 743.376 GC heap after
{Heap after GC invocations=78 (full 64):
 garbage-first heap   total 61440K, used 25431K [0x00000000c0000000, 0x0000000100000000)
  region size 1024K, 0 young (0K), 0 survivors (0K)
 Metaspace       used 41179K, committed 41728K, reserved 1114112K
  class space    used 5270K, committed 5504K, reserved 1048576K
}
Event: 753.581 GC heap before
{Heap before GC invocations=78 (full 64):
 garbage-first heap   total 61440K, used 25431K [0x00000000c0000000, 0x0000000100000000)
  region size 1024K, 1 young (1024K), 0 survivors (0K)
 Metaspace       used 41179K, committed 41728K, reserved 1114112K
  class space    used 5270K, committed 5504K, reserved 1048576K
}
Event: 753.602 GC heap after
{Heap after GC invocations=79 (full 65):
 garbage-first heap   total 61440K, used 25431K [0x00000000c0000000, 0x0000000100000000)
  region size 1024K, 0 young (0K), 0 survivors (0K)
 Metaspace       used 41179K, committed 41728K, reserved 1114112K
  class space    used 5270K, committed 5504K, reserved 1048576K
}
Event: 763.956 GC heap before
{Heap before GC invocations=79 (full 65):
 garbage-first heap   total 61440K, used 25431K [0x00000000c0000000, 0x0000000100000000)
  region size 1024K, 1 young (1024K), 0 survivors (0K)
 Metaspace       used 41179K, committed 41728K, reserved 1114112K
  class space    used 5270K, committed 5504K, reserved 1048576K
}
Event: 764.001 GC heap after
{Heap after GC invocations=80 (full 66):
 garbage-first heap   total 61440K, used 25431K [0x00000000c0000000, 0x0000000100000000)
  region size 1024K, 0 young (0K), 0 survivors (0K)
 Metaspace       used 41179K, committed 41728K, reserved 1114112K
  class space    used 5270K, committed 5504K, reserved 1048576K
}
Event: 774.227 GC heap before
{Heap before GC invocations=80 (full 66):
 garbage-first heap   total 61440K, used 25431K [0x00000000c0000000, 0x0000000100000000)
  region size 1024K, 1 young (1024K), 0 survivors (0K)
 Metaspace       used 41179K, committed 41728K, reserved 1114112K
  class space    used 5270K, committed 5504K, reserved 1048576K
}
Event: 774.256 GC heap after
{Heap after GC invocations=81 (full 67):
 garbage-first heap   total 61440K, used 25431K [0x00000000c0000000, 0x0000000100000000)
  region size 1024K, 0 young (0K), 0 survivors (0K)
 Metaspace       used 41179K, committed 41728K, reserved 1114112K
  class space    used 5270K, committed 5504K, reserved 1048576K
}
Event: 784.469 GC heap before
{Heap before GC invocations=81 (full 67):
 garbage-first heap   total 61440K, used 25431K [0x00000000c0000000, 0x0000000100000000)
  region size 1024K, 1 young (1024K), 0 survivors (0K)
 Metaspace       used 41179K, committed 41728K, reserved 1114112K
  class space    used 5270K, committed 5504K, reserved 1048576K
}
Event: 784.505 GC heap after
{Heap after GC invocations=82 (full 68):
 garbage-first heap   total 61440K, used 25431K [0x00000000c0000000, 0x0000000100000000)
  region size 1024K, 0 young (0K), 0 survivors (0K)
 Metaspace       used 41179K, committed 41728K, reserved 1114112K
  class space    used 5270K, committed 5504K, reserved 1048576K
}
Event: 794.702 GC heap before
{Heap before GC invocations=82 (full 68):
 garbage-first heap   total 61440K, used 25431K [0x00000000c0000000, 0x0000000100000000)
  region size 1024K, 1 young (1024K), 0 survivors (0K)
 Metaspace       used 41179K, committed 41728K, reserved 1114112K
  class space    used 5270K, committed 5504K, reserved 1048576K
}
Event: 794.730 GC heap after
{Heap after GC invocations=83 (full 69):
 garbage-first heap   total 61440K, used 25431K [0x00000000c0000000, 0x0000000100000000)
  region size 1024K, 0 young (0K), 0 survivors (0K)
 Metaspace       used 41179K, committed 41728K, reserved 1114112K
  class space    used 5270K, committed 5504K, reserved 1048576K
}
Event: 804.916 GC heap before
{Heap before GC invocations=83 (full 69):
 garbage-first heap   total 61440K, used 25431K [0x00000000c0000000, 0x0000000100000000)
  region size 1024K, 1 young (1024K), 0 survivors (0K)
 Metaspace       used 41179K, committed 41728K, reserved 1114112K
  class space    used 5270K, committed 5504K, reserved 1048576K
}
Event: 804.938 GC heap after
{Heap after GC invocations=84 (full 70):
 garbage-first heap   total 61440K, used 25431K [0x00000000c0000000, 0x0000000100000000)
  region size 1024K, 0 young (0K), 0 survivors (0K)
 Metaspace       used 41179K, committed 41728K, reserved 1114112K
  class space    used 5270K, committed 5504K, reserved 1048576K
}
Event: 815.279 GC heap before
{Heap before GC invocations=84 (full 70):
 garbage-first heap   total 61440K, used 25431K [0x00000000c0000000, 0x0000000100000000)
  region size 1024K, 1 young (1024K), 0 survivors (0K)
 Metaspace       used 41179K, committed 41728K, reserved 1114112K
  class space    used 5270K, committed 5504K, reserved 1048576K
}
Event: 815.306 GC heap after
{Heap after GC invocations=85 (full 71):
 garbage-first heap   total 61440K, used 25431K [0x00000000c0000000, 0x0000000100000000)
  region size 1024K, 0 young (0K), 0 survivors (0K)
 Metaspace       used 41179K, committed 41728K, reserved 1114112K
  class space    used 5270K, committed 5504K, reserved 1048576K
}
Event: 825.504 GC heap before
{Heap before GC invocations=85 (full 71):
 garbage-first heap   total 61440K, used 25431K [0x00000000c0000000, 0x0000000100000000)
  region size 1024K, 1 young (1024K), 0 survivors (0K)
 Metaspace       used 41179K, committed 41728K, reserved 1114112K
  class space    used 5270K, committed 5504K, reserved 1048576K
}
Event: 825.529 GC heap after
{Heap after GC invocations=86 (full 72):
 garbage-first heap   total 61440K, used 25431K [0x00000000c0000000, 0x0000000100000000)
  region size 1024K, 0 young (0K), 0 survivors (0K)
 Metaspace       used 41179K, committed 41728K, reserved 1114112K
  class space    used 5270K, committed 5504K, reserved 1048576K
}
Event: 835.770 GC heap before
{Heap before GC invocations=86 (full 72):
 garbage-first heap   total 61440K, used 25431K [0x00000000c0000000, 0x0000000100000000)
  region size 1024K, 1 young (1024K), 0 survivors (0K)
 Metaspace       used 41179K, committed 41728K, reserved 1114112K
  class space    used 5270K, committed 5504K, reserved 1048576K
}
Event: 835.792 GC heap after
{Heap after GC invocations=87 (full 73):
 garbage-first heap   total 61440K, used 25431K [0x00000000c0000000, 0x0000000100000000)
  region size 1024K, 0 young (0K), 0 survivors (0K)
 Metaspace       used 41179K, committed 41728K, reserved 1114112K
  class space    used 5270K, committed 5504K, reserved 1048576K
}
Event: 849.229 GC heap before
{Heap before GC invocations=87 (full 73):
 garbage-first heap   total 61440K, used 25431K [0x00000000c0000000, 0x0000000100000000)
  region size 1024K, 1 young (1024K), 0 survivors (0K)
 Metaspace       used 41179K, committed 41728K, reserved 1114112K
  class space    used 5270K, committed 5504K, reserved 1048576K
}

